CRITICAL - 2021-01-26 10:05:09 --> Call to a member function database() on null
#0 /opt/lampp/htdocs/highcharts/system/CodeIgniter.php(890): App\Controllers\Home->__construct()
#1 /opt/lampp/htdocs/highcharts/system/CodeIgniter.php(399): CodeIgniter\CodeIgniter->createController()
#2 /opt/lampp/htdocs/highcharts/system/CodeIgniter.php(312): CodeIgniter\CodeIgniter->handleRequest(NULL, Object(Config\Cache), false)
#3 /opt/lampp/htdocs/highcharts/public/index.php(45): CodeIgniter\CodeIgniter->run()
#4 {main}
CRITICAL - 2021-01-26 10:05:41 --> Cannot call constructor
#0 /opt/lampp/htdocs/highcharts/system/CodeIgniter.php(890): App\Controllers\Chart->__construct()
#1 /opt/lampp/htdocs/highcharts/system/CodeIgniter.php(399): CodeIgniter\CodeIgniter->createController()
#2 /opt/lampp/htdocs/highcharts/system/CodeIgniter.php(312): CodeIgniter\CodeIgniter->handleRequest(NULL, Object(Config\Cache), false)
#3 /opt/lampp/htdocs/highcharts/public/index.php(45): CodeIgniter\CodeIgniter->run()
#4 {main}
CRITICAL - 2021-01-26 10:06:29 --> Cannot call constructor
#0 /opt/lampp/htdocs/highcharts/system/CodeIgniter.php(890): App\Controllers\Chart->__construct()
#1 /opt/lampp/htdocs/highcharts/system/CodeIgniter.php(399): CodeIgniter\CodeIgniter->createController()
#2 /opt/lampp/htdocs/highcharts/system/CodeIgniter.php(312): CodeIgniter\CodeIgniter->handleRequest(NULL, Object(Config\Cache), false)
#3 /opt/lampp/htdocs/highcharts/public/index.php(45): CodeIgniter\CodeIgniter->run()
#4 {main}
CRITICAL - 2021-01-26 10:06:31 --> Cannot call constructor
#0 /opt/lampp/htdocs/highcharts/system/CodeIgniter.php(890): App\Controllers\Chart->__construct()
#1 /opt/lampp/htdocs/highcharts/system/CodeIgniter.php(399): CodeIgniter\CodeIgniter->createController()
#2 /opt/lampp/htdocs/highcharts/system/CodeIgniter.php(312): CodeIgniter\CodeIgniter->handleRequest(NULL, Object(Config\Cache), false)
#3 /opt/lampp/htdocs/highcharts/public/index.php(45): CodeIgniter\CodeIgniter->run()
#4 {main}
CRITICAL - 2021-01-26 10:07:28 --> Cannot call constructor
#0 /opt/lampp/htdocs/highcharts/system/CodeIgniter.php(890): App\Controllers\Chart->__construct()
#1 /opt/lampp/htdocs/highcharts/system/CodeIgniter.php(399): CodeIgniter\CodeIgniter->createController()
#2 /opt/lampp/htdocs/highcharts/system/CodeIgniter.php(312): CodeIgniter\CodeIgniter->handleRequest(NULL, Object(Config\Cache), false)
#3 /opt/lampp/htdocs/highcharts/public/index.php(45): CodeIgniter\CodeIgniter->run()
#4 {main}
CRITICAL - 2021-01-26 10:07:37 --> Cannot call constructor
#0 /opt/lampp/htdocs/highcharts/system/CodeIgniter.php(890): App\Controllers\Chart->__construct()
#1 /opt/lampp/htdocs/highcharts/system/CodeIgniter.php(399): CodeIgniter\CodeIgniter->createController()
#2 /opt/lampp/htdocs/highcharts/system/CodeIgniter.php(312): CodeIgniter\CodeIgniter->handleRequest(NULL, Object(Config\Cache), false)
#3 /opt/lampp/htdocs/highcharts/public/index.php(45): CodeIgniter\CodeIgniter->run()
#4 {main}
CRITICAL - 2021-01-26 10:07:38 --> Cannot call constructor
#0 /opt/lampp/htdocs/highcharts/system/CodeIgniter.php(890): App\Controllers\Chart->__construct()
#1 /opt/lampp/htdocs/highcharts/system/CodeIgniter.php(399): CodeIgniter\CodeIgniter->createController()
#2 /opt/lampp/htdocs/highcharts/system/CodeIgniter.php(312): CodeIgniter\CodeIgniter->handleRequest(NULL, Object(Config\Cache), false)
#3 /opt/lampp/htdocs/highcharts/public/index.php(45): CodeIgniter\CodeIgniter->run()
#4 {main}
CRITICAL - 2021-01-26 10:07:53 --> Cannot call constructor
#0 /opt/lampp/htdocs/highcharts/system/CodeIgniter.php(890): App\Controllers\Chart->__construct()
#1 /opt/lampp/htdocs/highcharts/system/CodeIgniter.php(399): CodeIgniter\CodeIgniter->createController()
#2 /opt/lampp/htdocs/highcharts/system/CodeIgniter.php(312): CodeIgniter\CodeIgniter->handleRequest(NULL, Object(Config\Cache), false)
#3 /opt/lampp/htdocs/highcharts/public/index.php(45): CodeIgniter\CodeIgniter->run()
#4 {main}
CRITICAL - 2021-01-26 10:08:12 --> syntax error, unexpected 'parent' (T_STRING)
#0 /opt/lampp/htdocs/highcharts/system/Autoloader/Autoloader.php(296): CodeIgniter\Autoloader\Autoloader->requireFile('/opt/lampp/htdo...')
#1 /opt/lampp/htdocs/highcharts/system/Autoloader/Autoloader.php(258): CodeIgniter\Autoloader\Autoloader->loadInNamespace('App\\Controllers...')
#2 [internal function]: CodeIgniter\Autoloader\Autoloader->loadClass('App\\Controllers...')
#3 [internal function]: spl_autoload_call('App\\Controllers...')
#4 /opt/lampp/htdocs/highcharts/system/CodeIgniter.php(869): class_exists('\\App\\Controller...', true)
#5 /opt/lampp/htdocs/highcharts/system/CodeIgniter.php(394): CodeIgniter\CodeIgniter->startController()
#6 /opt/lampp/htdocs/highcharts/system/CodeIgniter.php(312): CodeIgniter\CodeIgniter->handleRequest(NULL, Object(Config\Cache), false)
#7 /opt/lampp/htdocs/highcharts/public/index.php(45): CodeIgniter\CodeIgniter->run()
#8 {main}
CRITICAL - 2021-01-26 10:08:36 --> Cannot call constructor
#0 /opt/lampp/htdocs/highcharts/system/CodeIgniter.php(890): App\Controllers\Chart->__construct()
#1 /opt/lampp/htdocs/highcharts/system/CodeIgniter.php(399): CodeIgniter\CodeIgniter->createController()
#2 /opt/lampp/htdocs/highcharts/system/CodeIgniter.php(312): CodeIgniter\CodeIgniter->handleRequest(NULL, Object(Config\Cache), false)
#3 /opt/lampp/htdocs/highcharts/public/index.php(45): CodeIgniter\CodeIgniter->run()
#4 {main}
CRITICAL - 2021-01-26 10:08:37 --> Cannot call constructor
#0 /opt/lampp/htdocs/highcharts/system/CodeIgniter.php(890): App\Controllers\Chart->__construct()
#1 /opt/lampp/htdocs/highcharts/system/CodeIgniter.php(399): CodeIgniter\CodeIgniter->createController()
#2 /opt/lampp/htdocs/highcharts/system/CodeIgniter.php(312): CodeIgniter\CodeIgniter->handleRequest(NULL, Object(Config\Cache), false)
#3 /opt/lampp/htdocs/highcharts/public/index.php(45): CodeIgniter\CodeIgniter->run()
#4 {main}
CRITICAL - 2021-01-26 10:09:07 --> Call to a member function database() on null
#0 /opt/lampp/htdocs/highcharts/system/CodeIgniter.php(890): App\Controllers\Chart->__construct()
#1 /opt/lampp/htdocs/highcharts/system/CodeIgniter.php(399): CodeIgniter\CodeIgniter->createController()
#2 /opt/lampp/htdocs/highcharts/system/CodeIgniter.php(312): CodeIgniter\CodeIgniter->handleRequest(NULL, Object(Config\Cache), false)
#3 /opt/lampp/htdocs/highcharts/public/index.php(45): CodeIgniter\CodeIgniter->run()
#4 {main}
CRITICAL - 2021-01-26 10:10:08 --> Call to a member function query() on null
#0 /opt/lampp/htdocs/highcharts/system/CodeIgniter.php(918): App\Controllers\Chart->index()
#1 /opt/lampp/htdocs/highcharts/system/CodeIgniter.php(404): CodeIgniter\CodeIgniter->runController(Object(App\Controllers\Chart))
#2 /opt/lampp/htdocs/highcharts/system/CodeIgniter.php(312): CodeIgniter\CodeIgniter->handleRequest(NULL, Object(Config\Cache), false)
#3 /opt/lampp/htdocs/highcharts/public/index.php(45): CodeIgniter\CodeIgniter->run()
#4 {main}
CRITICAL - 2021-01-26 10:11:01 --> Call to a member function model() on null
#0 /opt/lampp/htdocs/highcharts/system/CodeIgniter.php(918): App\Controllers\Chart->index()
#1 /opt/lampp/htdocs/highcharts/system/CodeIgniter.php(404): CodeIgniter\CodeIgniter->runController(Object(App\Controllers\Chart))
#2 /opt/lampp/htdocs/highcharts/system/CodeIgniter.php(312): CodeIgniter\CodeIgniter->handleRequest(NULL, Object(Config\Cache), false)
#3 /opt/lampp/htdocs/highcharts/public/index.php(45): CodeIgniter\CodeIgniter->run()
#4 {main}
CRITICAL - 2021-01-26 10:13:57 --> Call to a member function model() on null
#0 /opt/lampp/htdocs/highcharts/system/CodeIgniter.php(918): App\Controllers\Chart->index()
#1 /opt/lampp/htdocs/highcharts/system/CodeIgniter.php(404): CodeIgniter\CodeIgniter->runController(Object(App\Controllers\Chart))
#2 /opt/lampp/htdocs/highcharts/system/CodeIgniter.php(312): CodeIgniter\CodeIgniter->handleRequest(NULL, Object(Config\Cache), false)
#3 /opt/lampp/htdocs/highcharts/public/index.php(45): CodeIgniter\CodeIgniter->run()
#4 {main}
CRITICAL - 2021-01-26 10:22:07 --> Call to a member function model() on null
#0 /opt/lampp/htdocs/highcharts/system/CodeIgniter.php(918): App\Controllers\Chart->index()
#1 /opt/lampp/htdocs/highcharts/system/CodeIgniter.php(404): CodeIgniter\CodeIgniter->runController(Object(App\Controllers\Chart))
#2 /opt/lampp/htdocs/highcharts/system/CodeIgniter.php(312): CodeIgniter\CodeIgniter->handleRequest(NULL, Object(Config\Cache), false)
#3 /opt/lampp/htdocs/highcharts/public/index.php(45): CodeIgniter\CodeIgniter->run()
#4 {main}
CRITICAL - 2021-01-26 10:22:08 --> Call to a member function model() on null
#0 /opt/lampp/htdocs/highcharts/system/CodeIgniter.php(918): App\Controllers\Chart->index()
#1 /opt/lampp/htdocs/highcharts/system/CodeIgniter.php(404): CodeIgniter\CodeIgniter->runController(Object(App\Controllers\Chart))
#2 /opt/lampp/htdocs/highcharts/system/CodeIgniter.php(312): CodeIgniter\CodeIgniter->handleRequest(NULL, Object(Config\Cache), false)
#3 /opt/lampp/htdocs/highcharts/public/index.php(45): CodeIgniter\CodeIgniter->run()
#4 {main}
CRITICAL - 2021-01-26 10:22:09 --> Call to a member function model() on null
#0 /opt/lampp/htdocs/highcharts/system/CodeIgniter.php(918): App\Controllers\Chart->index()
#1 /opt/lampp/htdocs/highcharts/system/CodeIgniter.php(404): CodeIgniter\CodeIgniter->runController(Object(App\Controllers\Chart))
#2 /opt/lampp/htdocs/highcharts/system/CodeIgniter.php(312): CodeIgniter\CodeIgniter->handleRequest(NULL, Object(Config\Cache), false)
#3 /opt/lampp/htdocs/highcharts/public/index.php(45): CodeIgniter\CodeIgniter->run()
#4 {main}
CRITICAL - 2021-01-26 10:22:09 --> Call to a member function model() on null
#0 /opt/lampp/htdocs/highcharts/system/CodeIgniter.php(918): App\Controllers\Chart->index()
#1 /opt/lampp/htdocs/highcharts/system/CodeIgniter.php(404): CodeIgniter\CodeIgniter->runController(Object(App\Controllers\Chart))
#2 /opt/lampp/htdocs/highcharts/system/CodeIgniter.php(312): CodeIgniter\CodeIgniter->handleRequest(NULL, Object(Config\Cache), false)
#3 /opt/lampp/htdocs/highcharts/public/index.php(45): CodeIgniter\CodeIgniter->run()
#4 {main}
CRITICAL - 2021-01-26 10:22:09 --> Call to a member function model() on null
#0 /opt/lampp/htdocs/highcharts/system/CodeIgniter.php(918): App\Controllers\Chart->index()
#1 /opt/lampp/htdocs/highcharts/system/CodeIgniter.php(404): CodeIgniter\CodeIgniter->runController(Object(App\Controllers\Chart))
#2 /opt/lampp/htdocs/highcharts/system/CodeIgniter.php(312): CodeIgniter\CodeIgniter->handleRequest(NULL, Object(Config\Cache), false)
#3 /opt/lampp/htdocs/highcharts/public/index.php(45): CodeIgniter\CodeIgniter->run()
#4 {main}
CRITICAL - 2021-01-26 10:22:19 --> Call to a member function model() on null
#0 /opt/lampp/htdocs/highcharts/system/CodeIgniter.php(918): App\Controllers\Chart->index()
#1 /opt/lampp/htdocs/highcharts/system/CodeIgniter.php(404): CodeIgniter\CodeIgniter->runController(Object(App\Controllers\Chart))
#2 /opt/lampp/htdocs/highcharts/system/CodeIgniter.php(312): CodeIgniter\CodeIgniter->handleRequest(NULL, Object(Config\Cache), false)
#3 /opt/lampp/htdocs/highcharts/public/index.php(45): CodeIgniter\CodeIgniter->run()
#4 {main}
CRITICAL - 2021-01-26 10:24:45 --> Unable to connect to the database.
#0 /opt/lampp/htdocs/highcharts/system/Database/BaseConnection.php(646): CodeIgniter\Database\BaseConnection->initialize()
#1 /opt/lampp/htdocs/highcharts/system/Database/BaseBuilder.php(1860): CodeIgniter\Database\BaseConnection->query('SELECT `NGWC`\nF...', Array, false)
#2 /opt/lampp/htdocs/highcharts/system/Model.php(1818): CodeIgniter\Database\BaseBuilder->get()
#3 /opt/lampp/htdocs/highcharts/app/Models/ChartModel.php(14): CodeIgniter\Model->__call('get', Array)
#4 /opt/lampp/htdocs/highcharts/app/Controllers/Chart.php(18): App\Models\ChartModel->getNGWC3(10)
#5 /opt/lampp/htdocs/highcharts/system/CodeIgniter.php(918): App\Controllers\Chart->index()
#6 /opt/lampp/htdocs/highcharts/system/CodeIgniter.php(404): CodeIgniter\CodeIgniter->runController(Object(App\Controllers\Chart))
#7 /opt/lampp/htdocs/highcharts/system/CodeIgniter.php(312): CodeIgniter\CodeIgniter->handleRequest(NULL, Object(Config\Cache), false)
#8 /opt/lampp/htdocs/highcharts/public/index.php(45): CodeIgniter\CodeIgniter->run()
#9 {main}
CRITICAL - 2021-01-26 10:24:56 --> Unable to connect to the database.
#0 /opt/lampp/htdocs/highcharts/system/Database/BaseConnection.php(646): CodeIgniter\Database\BaseConnection->initialize()
#1 /opt/lampp/htdocs/highcharts/system/Database/BaseBuilder.php(1860): CodeIgniter\Database\BaseConnection->query('SELECT `NGWC`\nF...', Array, false)
#2 /opt/lampp/htdocs/highcharts/system/Model.php(1818): CodeIgniter\Database\BaseBuilder->get()
#3 /opt/lampp/htdocs/highcharts/app/Models/ChartModel.php(14): CodeIgniter\Model->__call('get', Array)
#4 /opt/lampp/htdocs/highcharts/app/Controllers/Chart.php(18): App\Models\ChartModel->getNGWC3(10)
#5 /opt/lampp/htdocs/highcharts/system/CodeIgniter.php(918): App\Controllers\Chart->index()
#6 /opt/lampp/htdocs/highcharts/system/CodeIgniter.php(404): CodeIgniter\CodeIgniter->runController(Object(App\Controllers\Chart))
#7 /opt/lampp/htdocs/highcharts/system/CodeIgniter.php(312): CodeIgniter\CodeIgniter->handleRequest(NULL, Object(Config\Cache), false)
#8 /opt/lampp/htdocs/highcharts/public/index.php(45): CodeIgniter\CodeIgniter->run()
#9 {main}
CRITICAL - 2021-01-26 10:25:46 --> Unable to connect to the database.
#0 /opt/lampp/htdocs/highcharts/system/Database/BaseConnection.php(646): CodeIgniter\Database\BaseConnection->initialize()
#1 /opt/lampp/htdocs/highcharts/system/Database/BaseBuilder.php(1860): CodeIgniter\Database\BaseConnection->query('SELECT `NGWC`\nF...', Array, false)
#2 /opt/lampp/htdocs/highcharts/system/Model.php(1818): CodeIgniter\Database\BaseBuilder->get()
#3 /opt/lampp/htdocs/highcharts/app/Models/ChartModel.php(14): CodeIgniter\Model->__call('get', Array)
#4 /opt/lampp/htdocs/highcharts/app/Controllers/Chart.php(18): App\Models\ChartModel->getNGWC3(10)
#5 /opt/lampp/htdocs/highcharts/system/CodeIgniter.php(918): App\Controllers\Chart->index()
#6 /opt/lampp/htdocs/highcharts/system/CodeIgniter.php(404): CodeIgniter\CodeIgniter->runController(Object(App\Controllers\Chart))
#7 /opt/lampp/htdocs/highcharts/system/CodeIgniter.php(312): CodeIgniter\CodeIgniter->handleRequest(NULL, Object(Config\Cache), false)
#8 /opt/lampp/htdocs/highcharts/public/index.php(45): CodeIgniter\CodeIgniter->run()
#9 {main}
CRITICAL - 2021-01-26 10:26:00 --> Unable to connect to the database.
#0 /opt/lampp/htdocs/highcharts/system/Database/BaseConnection.php(646): CodeIgniter\Database\BaseConnection->initialize()
#1 /opt/lampp/htdocs/highcharts/system/Database/BaseBuilder.php(1860): CodeIgniter\Database\BaseConnection->query('SELECT *\nFROM `...', Array, false)
#2 /opt/lampp/htdocs/highcharts/system/Model.php(1818): CodeIgniter\Database\BaseBuilder->get()
#3 /opt/lampp/htdocs/highcharts/app/Models/ChartModel.php(13): CodeIgniter\Model->__call('get', Array)
#4 /opt/lampp/htdocs/highcharts/app/Controllers/Chart.php(18): App\Models\ChartModel->getNGWC3(10)
#5 /opt/lampp/htdocs/highcharts/system/CodeIgniter.php(918): App\Controllers\Chart->index()
#6 /opt/lampp/htdocs/highcharts/system/CodeIgniter.php(404): CodeIgniter\CodeIgniter->runController(Object(App\Controllers\Chart))
#7 /opt/lampp/htdocs/highcharts/system/CodeIgniter.php(312): CodeIgniter\CodeIgniter->handleRequest(NULL, Object(Config\Cache), false)
#8 /opt/lampp/htdocs/highcharts/public/index.php(45): CodeIgniter\CodeIgniter->run()
#9 {main}
CRITICAL - 2021-01-26 10:26:01 --> Unable to connect to the database.
#0 /opt/lampp/htdocs/highcharts/system/Database/BaseConnection.php(646): CodeIgniter\Database\BaseConnection->initialize()
#1 /opt/lampp/htdocs/highcharts/system/Database/BaseBuilder.php(1860): CodeIgniter\Database\BaseConnection->query('SELECT *\nFROM `...', Array, false)
#2 /opt/lampp/htdocs/highcharts/system/Model.php(1818): CodeIgniter\Database\BaseBuilder->get()
#3 /opt/lampp/htdocs/highcharts/app/Models/ChartModel.php(13): CodeIgniter\Model->__call('get', Array)
#4 /opt/lampp/htdocs/highcharts/app/Controllers/Chart.php(18): App\Models\ChartModel->getNGWC3(10)
#5 /opt/lampp/htdocs/highcharts/system/CodeIgniter.php(918): App\Controllers\Chart->index()
#6 /opt/lampp/htdocs/highcharts/system/CodeIgniter.php(404): CodeIgniter\CodeIgniter->runController(Object(App\Controllers\Chart))
#7 /opt/lampp/htdocs/highcharts/system/CodeIgniter.php(312): CodeIgniter\CodeIgniter->handleRequest(NULL, Object(Config\Cache), false)
#8 /opt/lampp/htdocs/highcharts/public/index.php(45): CodeIgniter\CodeIgniter->run()
#9 {main}
CRITICAL - 2021-01-26 10:26:01 --> Unable to connect to the database.
#0 /opt/lampp/htdocs/highcharts/system/Database/BaseConnection.php(646): CodeIgniter\Database\BaseConnection->initialize()
#1 /opt/lampp/htdocs/highcharts/system/Database/BaseBuilder.php(1860): CodeIgniter\Database\BaseConnection->query('SELECT *\nFROM `...', Array, false)
#2 /opt/lampp/htdocs/highcharts/system/Model.php(1818): CodeIgniter\Database\BaseBuilder->get()
#3 /opt/lampp/htdocs/highcharts/app/Models/ChartModel.php(13): CodeIgniter\Model->__call('get', Array)
#4 /opt/lampp/htdocs/highcharts/app/Controllers/Chart.php(18): App\Models\ChartModel->getNGWC3(10)
#5 /opt/lampp/htdocs/highcharts/system/CodeIgniter.php(918): App\Controllers\Chart->index()
#6 /opt/lampp/htdocs/highcharts/system/CodeIgniter.php(404): CodeIgniter\CodeIgniter->runController(Object(App\Controllers\Chart))
#7 /opt/lampp/htdocs/highcharts/system/CodeIgniter.php(312): CodeIgniter\CodeIgniter->handleRequest(NULL, Object(Config\Cache), false)
#8 /opt/lampp/htdocs/highcharts/public/index.php(45): CodeIgniter\CodeIgniter->run()
#9 {main}
CRITICAL - 2021-01-26 10:26:02 --> Unable to connect to the database.
#0 /opt/lampp/htdocs/highcharts/system/Database/BaseConnection.php(646): CodeIgniter\Database\BaseConnection->initialize()
#1 /opt/lampp/htdocs/highcharts/system/Database/BaseBuilder.php(1860): CodeIgniter\Database\BaseConnection->query('SELECT *\nFROM `...', Array, false)
#2 /opt/lampp/htdocs/highcharts/system/Model.php(1818): CodeIgniter\Database\BaseBuilder->get()
#3 /opt/lampp/htdocs/highcharts/app/Models/ChartModel.php(13): CodeIgniter\Model->__call('get', Array)
#4 /opt/lampp/htdocs/highcharts/app/Controllers/Chart.php(18): App\Models\ChartModel->getNGWC3(10)
#5 /opt/lampp/htdocs/highcharts/system/CodeIgniter.php(918): App\Controllers\Chart->index()
#6 /opt/lampp/htdocs/highcharts/system/CodeIgniter.php(404): CodeIgniter\CodeIgniter->runController(Object(App\Controllers\Chart))
#7 /opt/lampp/htdocs/highcharts/system/CodeIgniter.php(312): CodeIgniter\CodeIgniter->handleRequest(NULL, Object(Config\Cache), false)
#8 /opt/lampp/htdocs/highcharts/public/index.php(45): CodeIgniter\CodeIgniter->run()
#9 {main}
CRITICAL - 2021-01-26 10:26:02 --> Unable to connect to the database.
#0 /opt/lampp/htdocs/highcharts/system/Database/BaseConnection.php(646): CodeIgniter\Database\BaseConnection->initialize()
#1 /opt/lampp/htdocs/highcharts/system/Database/BaseBuilder.php(1860): CodeIgniter\Database\BaseConnection->query('SELECT *\nFROM `...', Array, false)
#2 /opt/lampp/htdocs/highcharts/system/Model.php(1818): CodeIgniter\Database\BaseBuilder->get()
#3 /opt/lampp/htdocs/highcharts/app/Models/ChartModel.php(13): CodeIgniter\Model->__call('get', Array)
#4 /opt/lampp/htdocs/highcharts/app/Controllers/Chart.php(18): App\Models\ChartModel->getNGWC3(10)
#5 /opt/lampp/htdocs/highcharts/system/CodeIgniter.php(918): App\Controllers\Chart->index()
#6 /opt/lampp/htdocs/highcharts/system/CodeIgniter.php(404): CodeIgniter\CodeIgniter->runController(Object(App\Controllers\Chart))
#7 /opt/lampp/htdocs/highcharts/system/CodeIgniter.php(312): CodeIgniter\CodeIgniter->handleRequest(NULL, Object(Config\Cache), false)
#8 /opt/lampp/htdocs/highcharts/public/index.php(45): CodeIgniter\CodeIgniter->run()
#9 {main}
CRITICAL - 2021-01-26 10:26:38 --> Unable to connect to the database.
#0 /opt/lampp/htdocs/highcharts/system/Database/BaseConnection.php(646): CodeIgniter\Database\BaseConnection->initialize()
#1 /opt/lampp/htdocs/highcharts/system/Database/BaseBuilder.php(1860): CodeIgniter\Database\BaseConnection->query('SELECT *\nFROM `...', Array, false)
#2 /opt/lampp/htdocs/highcharts/system/Model.php(1818): CodeIgniter\Database\BaseBuilder->get()
#3 /opt/lampp/htdocs/highcharts/app/Models/ChartModel.php(10): CodeIgniter\Model->__call('get', Array)
#4 /opt/lampp/htdocs/highcharts/app/Controllers/Chart.php(18): App\Models\ChartModel->getNGWC3(10)
#5 /opt/lampp/htdocs/highcharts/system/CodeIgniter.php(918): App\Controllers\Chart->index()
#6 /opt/lampp/htdocs/highcharts/system/CodeIgniter.php(404): CodeIgniter\CodeIgniter->runController(Object(App\Controllers\Chart))
#7 /opt/lampp/htdocs/highcharts/system/CodeIgniter.php(312): CodeIgniter\CodeIgniter->handleRequest(NULL, Object(Config\Cache), false)
#8 /opt/lampp/htdocs/highcharts/public/index.php(45): CodeIgniter\CodeIgniter->run()
#9 {main}
CRITICAL - 2021-01-26 10:29:00 --> Unable to connect to the database.
#0 /opt/lampp/htdocs/highcharts/system/Database/BaseConnection.php(646): CodeIgniter\Database\BaseConnection->initialize()
#1 /opt/lampp/htdocs/highcharts/system/Database/BaseBuilder.php(1860): CodeIgniter\Database\BaseConnection->query('SELECT *\nFROM `...', Array, false)
#2 /opt/lampp/htdocs/highcharts/system/Model.php(462): CodeIgniter\Database\BaseBuilder->get()
#3 /opt/lampp/htdocs/highcharts/app/Models/ChartModel.php(10): CodeIgniter\Model->findAll()
#4 /opt/lampp/htdocs/highcharts/app/Controllers/Chart.php(18): App\Models\ChartModel->getNGWC3()
#5 /opt/lampp/htdocs/highcharts/system/CodeIgniter.php(918): App\Controllers\Chart->index()
#6 /opt/lampp/htdocs/highcharts/system/CodeIgniter.php(404): CodeIgniter\CodeIgniter->runController(Object(App\Controllers\Chart))
#7 /opt/lampp/htdocs/highcharts/system/CodeIgniter.php(312): CodeIgniter\CodeIgniter->handleRequest(NULL, Object(Config\Cache), false)
#8 /opt/lampp/htdocs/highcharts/public/index.php(45): CodeIgniter\CodeIgniter->run()
#9 {main}
CRITICAL - 2021-01-26 10:30:55 --> Too few arguments to function App\Models\ChartModel::getNGWC3(), 0 passed in /opt/lampp/htdocs/highcharts/app/Controllers/Chart.php on line 18 and exactly 1 expected
#0 /opt/lampp/htdocs/highcharts/app/Controllers/Chart.php(18): App\Models\ChartModel->getNGWC3()
#1 /opt/lampp/htdocs/highcharts/system/CodeIgniter.php(918): App\Controllers\Chart->index()
#2 /opt/lampp/htdocs/highcharts/system/CodeIgniter.php(404): CodeIgniter\CodeIgniter->runController(Object(App\Controllers\Chart))
#3 /opt/lampp/htdocs/highcharts/system/CodeIgniter.php(312): CodeIgniter\CodeIgniter->handleRequest(NULL, Object(Config\Cache), false)
#4 /opt/lampp/htdocs/highcharts/public/index.php(45): CodeIgniter\CodeIgniter->run()
#5 {main}
CRITICAL - 2021-01-26 10:38:08 --> Call to undefined method App\Models\ChartModel::getNGWC3
#0 /opt/lampp/htdocs/highcharts/app/Controllers/Chart.php(18): CodeIgniter\Model->__call('getNGWC3', Array)
#1 /opt/lampp/htdocs/highcharts/system/CodeIgniter.php(918): App\Controllers\Chart->index()
#2 /opt/lampp/htdocs/highcharts/system/CodeIgniter.php(404): CodeIgniter\CodeIgniter->runController(Object(App\Controllers\Chart))
#3 /opt/lampp/htdocs/highcharts/system/CodeIgniter.php(312): CodeIgniter\CodeIgniter->handleRequest(NULL, Object(Config\Cache), false)
#4 /opt/lampp/htdocs/highcharts/public/index.php(45): CodeIgniter\CodeIgniter->run()
#5 {main}
CRITICAL - 2021-01-26 10:38:46 --> Call to undefined method App\Models\ChartModel::getNGWC3
#0 /opt/lampp/htdocs/highcharts/app/Controllers/Chart.php(18): CodeIgniter\Model->__call('getNGWC3', Array)
#1 /opt/lampp/htdocs/highcharts/system/CodeIgniter.php(918): App\Controllers\Chart->index()
#2 /opt/lampp/htdocs/highcharts/system/CodeIgniter.php(404): CodeIgniter\CodeIgniter->runController(Object(App\Controllers\Chart))
#3 /opt/lampp/htdocs/highcharts/system/CodeIgniter.php(312): CodeIgniter\CodeIgniter->handleRequest(NULL, Object(Config\Cache), false)
#4 /opt/lampp/htdocs/highcharts/public/index.php(45): CodeIgniter\CodeIgniter->run()
#5 {main}
CRITICAL - 2021-01-26 10:38:59 --> Call to undefined method App\Models\ChartModel::getNGWC3
#0 /opt/lampp/htdocs/highcharts/app/Controllers/Chart.php(16): CodeIgniter\Model->__call('getNGWC3', Array)
#1 /opt/lampp/htdocs/highcharts/system/CodeIgniter.php(918): App\Controllers\Chart->index()
#2 /opt/lampp/htdocs/highcharts/system/CodeIgniter.php(404): CodeIgniter\CodeIgniter->runController(Object(App\Controllers\Chart))
#3 /opt/lampp/htdocs/highcharts/system/CodeIgniter.php(312): CodeIgniter\CodeIgniter->handleRequest(NULL, Object(Config\Cache), false)
#4 /opt/lampp/htdocs/highcharts/public/index.php(45): CodeIgniter\CodeIgniter->run()
#5 {main}
CRITICAL - 2021-01-26 10:50:53 --> Call to a member function view() on null
#0 /opt/lampp/htdocs/highcharts/system/CodeIgniter.php(918): App\Controllers\Chart->index()
#1 /opt/lampp/htdocs/highcharts/system/CodeIgniter.php(404): CodeIgniter\CodeIgniter->runController(Object(App\Controllers\Chart))
#2 /opt/lampp/htdocs/highcharts/system/CodeIgniter.php(312): CodeIgniter\CodeIgniter->handleRequest(NULL, Object(Config\Cache), false)
#3 /opt/lampp/htdocs/highcharts/public/index.php(45): CodeIgniter\CodeIgniter->run()
#4 {main}
CRITICAL - 2021-01-26 10:59:12 --> Call to undefined function App\Models\select()
#0 /opt/lampp/htdocs/highcharts/app/Controllers/Chart.php(21): App\Models\ChartModel->getDPTUSAG(3, 10)
#1 /opt/lampp/htdocs/highcharts/system/CodeIgniter.php(918): App\Controllers\Chart->index()
#2 /opt/lampp/htdocs/highcharts/system/CodeIgniter.php(404): CodeIgniter\CodeIgniter->runController(Object(App\Controllers\Chart))
#3 /opt/lampp/htdocs/highcharts/system/CodeIgniter.php(312): CodeIgniter\CodeIgniter->handleRequest(NULL, Object(Config\Cache), false)
#4 /opt/lampp/htdocs/highcharts/public/index.php(45): CodeIgniter\CodeIgniter->run()
#5 {main}
CRITICAL - 2021-01-26 10:59:57 --> Call to undefined function App\Models\select()
#0 /opt/lampp/htdocs/highcharts/app/Controllers/Chart.php(21): App\Models\ChartModel->getDPTUSAG(3, 10)
#1 /opt/lampp/htdocs/highcharts/system/CodeIgniter.php(918): App\Controllers\Chart->index()
#2 /opt/lampp/htdocs/highcharts/system/CodeIgniter.php(404): CodeIgniter\CodeIgniter->runController(Object(App\Controllers\Chart))
#3 /opt/lampp/htdocs/highcharts/system/CodeIgniter.php(312): CodeIgniter\CodeIgniter->handleRequest(NULL, Object(Config\Cache), false)
#4 /opt/lampp/htdocs/highcharts/public/index.php(45): CodeIgniter\CodeIgniter->run()
#5 {main}
CRITICAL - 2021-01-26 10:59:58 --> Call to undefined function App\Models\select()
#0 /opt/lampp/htdocs/highcharts/app/Controllers/Chart.php(21): App\Models\ChartModel->getDPTUSAG(3, 10)
#1 /opt/lampp/htdocs/highcharts/system/CodeIgniter.php(918): App\Controllers\Chart->index()
#2 /opt/lampp/htdocs/highcharts/system/CodeIgniter.php(404): CodeIgniter\CodeIgniter->runController(Object(App\Controllers\Chart))
#3 /opt/lampp/htdocs/highcharts/system/CodeIgniter.php(312): CodeIgniter\CodeIgniter->handleRequest(NULL, Object(Config\Cache), false)
#4 /opt/lampp/htdocs/highcharts/public/index.php(45): CodeIgniter\CodeIgniter->run()
#5 {main}
CRITICAL - 2021-01-26 11:00:06 --> Call to undefined function App\Models\select()
#0 /opt/lampp/htdocs/highcharts/app/Controllers/Chart.php(27): App\Models\ChartModel->getNGWC(10)
#1 /opt/lampp/htdocs/highcharts/system/CodeIgniter.php(918): App\Controllers\Chart->index()
#2 /opt/lampp/htdocs/highcharts/system/CodeIgniter.php(404): CodeIgniter\CodeIgniter->runController(Object(App\Controllers\Chart))
#3 /opt/lampp/htdocs/highcharts/system/CodeIgniter.php(312): CodeIgniter\CodeIgniter->handleRequest(NULL, Object(Config\Cache), false)
#4 /opt/lampp/htdocs/highcharts/public/index.php(45): CodeIgniter\CodeIgniter->run()
#5 {main}
CRITICAL - 2021-01-26 11:00:07 --> Call to undefined function App\Models\select()
#0 /opt/lampp/htdocs/highcharts/app/Controllers/Chart.php(27): App\Models\ChartModel->getNGWC(10)
#1 /opt/lampp/htdocs/highcharts/system/CodeIgniter.php(918): App\Controllers\Chart->index()
#2 /opt/lampp/htdocs/highcharts/system/CodeIgniter.php(404): CodeIgniter\CodeIgniter->runController(Object(App\Controllers\Chart))
#3 /opt/lampp/htdocs/highcharts/system/CodeIgniter.php(312): CodeIgniter\CodeIgniter->handleRequest(NULL, Object(Config\Cache), false)
#4 /opt/lampp/htdocs/highcharts/public/index.php(45): CodeIgniter\CodeIgniter->run()
#5 {main}
CRITICAL - 2021-01-26 11:00:43 --> Call to a member function view() on null
#0 /opt/lampp/htdocs/highcharts/system/CodeIgniter.php(918): App\Controllers\Chart->index()
#1 /opt/lampp/htdocs/highcharts/system/CodeIgniter.php(404): CodeIgniter\CodeIgniter->runController(Object(App\Controllers\Chart))
#2 /opt/lampp/htdocs/highcharts/system/CodeIgniter.php(312): CodeIgniter\CodeIgniter->handleRequest(NULL, Object(Config\Cache), false)
#3 /opt/lampp/htdocs/highcharts/public/index.php(45): CodeIgniter\CodeIgniter->run()
#4 {main}
CRITICAL - 2021-01-26 11:00:44 --> Call to a member function view() on null
#0 /opt/lampp/htdocs/highcharts/system/CodeIgniter.php(918): App\Controllers\Chart->index()
#1 /opt/lampp/htdocs/highcharts/system/CodeIgniter.php(404): CodeIgniter\CodeIgniter->runController(Object(App\Controllers\Chart))
#2 /opt/lampp/htdocs/highcharts/system/CodeIgniter.php(312): CodeIgniter\CodeIgniter->handleRequest(NULL, Object(Config\Cache), false)
#3 /opt/lampp/htdocs/highcharts/public/index.php(45): CodeIgniter\CodeIgniter->run()
#4 {main}
CRITICAL - 2021-01-26 11:00:45 --> Call to a member function view() on null
#0 /opt/lampp/htdocs/highcharts/system/CodeIgniter.php(918): App\Controllers\Chart->index()
#1 /opt/lampp/htdocs/highcharts/system/CodeIgniter.php(404): CodeIgniter\CodeIgniter->runController(Object(App\Controllers\Chart))
#2 /opt/lampp/htdocs/highcharts/system/CodeIgniter.php(312): CodeIgniter\CodeIgniter->handleRequest(NULL, Object(Config\Cache), false)
#3 /opt/lampp/htdocs/highcharts/public/index.php(45): CodeIgniter\CodeIgniter->run()
#4 {main}
CRITICAL - 2021-01-26 11:00:59 --> Call to a member function view() on null
#0 /opt/lampp/htdocs/highcharts/system/CodeIgniter.php(918): App\Controllers\Chart->index()
#1 /opt/lampp/htdocs/highcharts/system/CodeIgniter.php(404): CodeIgniter\CodeIgniter->runController(Object(App\Controllers\Chart))
#2 /opt/lampp/htdocs/highcharts/system/CodeIgniter.php(312): CodeIgniter\CodeIgniter->handleRequest(NULL, Object(Config\Cache), false)
#3 /opt/lampp/htdocs/highcharts/public/index.php(45): CodeIgniter\CodeIgniter->run()
#4 {main}
CRITICAL - 2021-01-26 11:42:25 --> Unsupported operand types
#0 /opt/lampp/htdocs/highcharts/app/Controllers/Chart.php(28): App\Models\ChartModel->getDPTDTAT(10)
#1 /opt/lampp/htdocs/highcharts/system/CodeIgniter.php(918): App\Controllers\Chart->index()
#2 /opt/lampp/htdocs/highcharts/system/CodeIgniter.php(404): CodeIgniter\CodeIgniter->runController(Object(App\Controllers\Chart))
#3 /opt/lampp/htdocs/highcharts/system/CodeIgniter.php(312): CodeIgniter\CodeIgniter->handleRequest(NULL, Object(Config\Cache), false)
#4 /opt/lampp/htdocs/highcharts/public/index.php(45): CodeIgniter\CodeIgniter->run()
#5 {main}
CRITICAL - 2021-01-26 11:47:44 --> Unsupported operand types
#0 /opt/lampp/htdocs/highcharts/app/Controllers/Chart.php(28): App\Models\ChartModel->getDPTDTAT(10)
#1 /opt/lampp/htdocs/highcharts/system/CodeIgniter.php(918): App\Controllers\Chart->index()
#2 /opt/lampp/htdocs/highcharts/system/CodeIgniter.php(404): CodeIgniter\CodeIgniter->runController(Object(App\Controllers\Chart))
#3 /opt/lampp/htdocs/highcharts/system/CodeIgniter.php(312): CodeIgniter\CodeIgniter->handleRequest(NULL, Object(Config\Cache), false)
#4 /opt/lampp/htdocs/highcharts/public/index.php(45): CodeIgniter\CodeIgniter->run()
#5 {main}
CRITICAL - 2021-01-26 11:47:45 --> Unsupported operand types
#0 /opt/lampp/htdocs/highcharts/app/Controllers/Chart.php(28): App\Models\ChartModel->getDPTDTAT(10)
#1 /opt/lampp/htdocs/highcharts/system/CodeIgniter.php(918): App\Controllers\Chart->index()
#2 /opt/lampp/htdocs/highcharts/system/CodeIgniter.php(404): CodeIgniter\CodeIgniter->runController(Object(App\Controllers\Chart))
#3 /opt/lampp/htdocs/highcharts/system/CodeIgniter.php(312): CodeIgniter\CodeIgniter->handleRequest(NULL, Object(Config\Cache), false)
#4 /opt/lampp/htdocs/highcharts/public/index.php(45): CodeIgniter\CodeIgniter->run()
#5 {main}
CRITICAL - 2021-01-26 11:47:46 --> Unsupported operand types
#0 /opt/lampp/htdocs/highcharts/app/Controllers/Chart.php(28): App\Models\ChartModel->getDPTDTAT(10)
#1 /opt/lampp/htdocs/highcharts/system/CodeIgniter.php(918): App\Controllers\Chart->index()
#2 /opt/lampp/htdocs/highcharts/system/CodeIgniter.php(404): CodeIgniter\CodeIgniter->runController(Object(App\Controllers\Chart))
#3 /opt/lampp/htdocs/highcharts/system/CodeIgniter.php(312): CodeIgniter\CodeIgniter->handleRequest(NULL, Object(Config\Cache), false)
#4 /opt/lampp/htdocs/highcharts/public/index.php(45): CodeIgniter\CodeIgniter->run()
#5 {main}
CRITICAL - 2021-01-26 11:48:07 --> Unsupported operand types
#0 /opt/lampp/htdocs/highcharts/app/Controllers/Chart.php(28): App\Models\ChartModel->getDPTDTAT(10)
#1 /opt/lampp/htdocs/highcharts/system/CodeIgniter.php(918): App\Controllers\Chart->index()
#2 /opt/lampp/htdocs/highcharts/system/CodeIgniter.php(404): CodeIgniter\CodeIgniter->runController(Object(App\Controllers\Chart))
#3 /opt/lampp/htdocs/highcharts/system/CodeIgniter.php(312): CodeIgniter\CodeIgniter->handleRequest(NULL, Object(Config\Cache), false)
#4 /opt/lampp/htdocs/highcharts/public/index.php(45): CodeIgniter\CodeIgniter->run()
#5 {main}
CRITICAL - 2021-01-26 11:48:39 --> Unsupported operand types
#0 /opt/lampp/htdocs/highcharts/app/Controllers/Chart.php(28): App\Models\ChartModel->getDPTDTAT(10)
#1 /opt/lampp/htdocs/highcharts/system/CodeIgniter.php(918): App\Controllers\Chart->index()
#2 /opt/lampp/htdocs/highcharts/system/CodeIgniter.php(404): CodeIgniter\CodeIgniter->runController(Object(App\Controllers\Chart))
#3 /opt/lampp/htdocs/highcharts/system/CodeIgniter.php(312): CodeIgniter\CodeIgniter->handleRequest(NULL, Object(Config\Cache), false)
#4 /opt/lampp/htdocs/highcharts/public/index.php(45): CodeIgniter\CodeIgniter->run()
#5 {main}
CRITICAL - 2021-01-26 11:48:40 --> Unsupported operand types
#0 /opt/lampp/htdocs/highcharts/app/Controllers/Chart.php(28): App\Models\ChartModel->getDPTDTAT(10)
#1 /opt/lampp/htdocs/highcharts/system/CodeIgniter.php(918): App\Controllers\Chart->index()
#2 /opt/lampp/htdocs/highcharts/system/CodeIgniter.php(404): CodeIgniter\CodeIgniter->runController(Object(App\Controllers\Chart))
#3 /opt/lampp/htdocs/highcharts/system/CodeIgniter.php(312): CodeIgniter\CodeIgniter->handleRequest(NULL, Object(Config\Cache), false)
#4 /opt/lampp/htdocs/highcharts/public/index.php(45): CodeIgniter\CodeIgniter->run()
#5 {main}
CRITICAL - 2021-01-26 11:48:59 --> Unsupported operand types
#0 /opt/lampp/htdocs/highcharts/app/Controllers/Chart.php(28): App\Models\ChartModel->getDPTDTAT(10)
#1 /opt/lampp/htdocs/highcharts/system/CodeIgniter.php(918): App\Controllers\Chart->index()
#2 /opt/lampp/htdocs/highcharts/system/CodeIgniter.php(404): CodeIgniter\CodeIgniter->runController(Object(App\Controllers\Chart))
#3 /opt/lampp/htdocs/highcharts/system/CodeIgniter.php(312): CodeIgniter\CodeIgniter->handleRequest(NULL, Object(Config\Cache), false)
#4 /opt/lampp/htdocs/highcharts/public/index.php(45): CodeIgniter\CodeIgniter->run()
#5 {main}
CRITICAL - 2021-01-26 11:49:21 --> Unsupported operand types
#0 /opt/lampp/htdocs/highcharts/app/Controllers/Chart.php(28): App\Models\ChartModel->getDPTDTAT(10)
#1 /opt/lampp/htdocs/highcharts/system/CodeIgniter.php(918): App\Controllers\Chart->index()
#2 /opt/lampp/htdocs/highcharts/system/CodeIgniter.php(404): CodeIgniter\CodeIgniter->runController(Object(App\Controllers\Chart))
#3 /opt/lampp/htdocs/highcharts/system/CodeIgniter.php(312): CodeIgniter\CodeIgniter->handleRequest(NULL, Object(Config\Cache), false)
#4 /opt/lampp/htdocs/highcharts/public/index.php(45): CodeIgniter\CodeIgniter->run()
#5 {main}
CRITICAL - 2021-01-26 11:49:21 --> Unsupported operand types
#0 /opt/lampp/htdocs/highcharts/app/Controllers/Chart.php(28): App\Models\ChartModel->getDPTDTAT(10)
#1 /opt/lampp/htdocs/highcharts/system/CodeIgniter.php(918): App\Controllers\Chart->index()
#2 /opt/lampp/htdocs/highcharts/system/CodeIgniter.php(404): CodeIgniter\CodeIgniter->runController(Object(App\Controllers\Chart))
#3 /opt/lampp/htdocs/highcharts/system/CodeIgniter.php(312): CodeIgniter\CodeIgniter->handleRequest(NULL, Object(Config\Cache), false)
#4 /opt/lampp/htdocs/highcharts/public/index.php(45): CodeIgniter\CodeIgniter->run()
#5 {main}
CRITICAL - 2021-01-26 11:50:26 --> Unsupported operand types
#0 /opt/lampp/htdocs/highcharts/app/Controllers/Chart.php(28): App\Models\ChartModel->getDPTDTAT(10)
#1 /opt/lampp/htdocs/highcharts/system/CodeIgniter.php(918): App\Controllers\Chart->index()
#2 /opt/lampp/htdocs/highcharts/system/CodeIgniter.php(404): CodeIgniter\CodeIgniter->runController(Object(App\Controllers\Chart))
#3 /opt/lampp/htdocs/highcharts/system/CodeIgniter.php(312): CodeIgniter\CodeIgniter->handleRequest(NULL, Object(Config\Cache), false)
#4 /opt/lampp/htdocs/highcharts/public/index.php(45): CodeIgniter\CodeIgniter->run()
#5 {main}
CRITICAL - 2021-01-26 12:04:07 --> Attempt to modify property 'DPTDTAT' of non-object
#0 /opt/lampp/htdocs/highcharts/app/Models/ChartModel.php(17): CodeIgniter\Debug\Exceptions->errorHandler(2, 'Attempt to modi...', '/opt/lampp/htdo...', 17, Array)
#1 /opt/lampp/htdocs/highcharts/app/Controllers/Chart.php(28): App\Models\ChartModel->getDPTDTAT(10)
#2 /opt/lampp/htdocs/highcharts/system/CodeIgniter.php(918): App\Controllers\Chart->index()
#3 /opt/lampp/htdocs/highcharts/system/CodeIgniter.php(404): CodeIgniter\CodeIgniter->runController(Object(App\Controllers\Chart))
#4 /opt/lampp/htdocs/highcharts/system/CodeIgniter.php(312): CodeIgniter\CodeIgniter->handleRequest(NULL, Object(Config\Cache), false)
#5 /opt/lampp/htdocs/highcharts/public/index.php(45): CodeIgniter\CodeIgniter->run()
#6 {main}
CRITICAL - 2021-01-26 12:04:38 --> array_push() expects parameter 1 to be array, string given
#0 [internal function]: CodeIgniter\Debug\Exceptions->errorHandler(2, 'array_push() ex...', '/opt/lampp/htdo...', 17, Array)
#1 /opt/lampp/htdocs/highcharts/app/Models/ChartModel.php(17): array_push('2683')
#2 /opt/lampp/htdocs/highcharts/app/Controllers/Chart.php(28): App\Models\ChartModel->getDPTDTAT(10)
#3 /opt/lampp/htdocs/highcharts/system/CodeIgniter.php(918): App\Controllers\Chart->index()
#4 /opt/lampp/htdocs/highcharts/system/CodeIgniter.php(404): CodeIgniter\CodeIgniter->runController(Object(App\Controllers\Chart))
#5 /opt/lampp/htdocs/highcharts/system/CodeIgniter.php(312): CodeIgniter\CodeIgniter->handleRequest(NULL, Object(Config\Cache), false)
#6 /opt/lampp/htdocs/highcharts/public/index.php(45): CodeIgniter\CodeIgniter->run()
#7 {main}
CRITICAL - 2021-01-26 12:04:39 --> array_push() expects parameter 1 to be array, string given
#0 [internal function]: CodeIgniter\Debug\Exceptions->errorHandler(2, 'array_push() ex...', '/opt/lampp/htdo...', 17, Array)
#1 /opt/lampp/htdocs/highcharts/app/Models/ChartModel.php(17): array_push('2683')
#2 /opt/lampp/htdocs/highcharts/app/Controllers/Chart.php(28): App\Models\ChartModel->getDPTDTAT(10)
#3 /opt/lampp/htdocs/highcharts/system/CodeIgniter.php(918): App\Controllers\Chart->index()
#4 /opt/lampp/htdocs/highcharts/system/CodeIgniter.php(404): CodeIgniter\CodeIgniter->runController(Object(App\Controllers\Chart))
#5 /opt/lampp/htdocs/highcharts/system/CodeIgniter.php(312): CodeIgniter\CodeIgniter->handleRequest(NULL, Object(Config\Cache), false)
#6 /opt/lampp/htdocs/highcharts/public/index.php(45): CodeIgniter\CodeIgniter->run()
#7 {main}
CRITICAL - 2021-01-26 14:40:13 --> array_push() expects parameter 1 to be array, null given
#0 [internal function]: CodeIgniter\Debug\Exceptions->errorHandler(2, 'array_push() ex...', '/opt/lampp/htdo...', 34, Array)
#1 /opt/lampp/htdocs/highchart/app/Controllers/Chart.php(34): array_push(NULL, 'DPTDTAT_3')
#2 /opt/lampp/htdocs/highchart/system/CodeIgniter.php(918): App\Controllers\Chart->index()
#3 /opt/lampp/htdocs/highchart/system/CodeIgniter.php(404): CodeIgniter\CodeIgniter->runController(Object(App\Controllers\Chart))
#4 /opt/lampp/htdocs/highchart/system/CodeIgniter.php(312): CodeIgniter\CodeIgniter->handleRequest(NULL, Object(Config\Cache), false)
#5 /opt/lampp/htdocs/highchart/public/index.php(45): CodeIgniter\CodeIgniter->run()
#6 {main}
CRITICAL - 2021-01-26 14:40:19 --> array_push() expects parameter 1 to be array, null given
#0 [internal function]: CodeIgniter\Debug\Exceptions->errorHandler(2, 'array_push() ex...', '/opt/lampp/htdo...', 34, Array)
#1 /opt/lampp/htdocs/highchart/app/Controllers/Chart.php(34): array_push(NULL, 'DPTDTAT_3')
#2 /opt/lampp/htdocs/highchart/system/CodeIgniter.php(918): App\Controllers\Chart->index()
#3 /opt/lampp/htdocs/highchart/system/CodeIgniter.php(404): CodeIgniter\CodeIgniter->runController(Object(App\Controllers\Chart))
#4 /opt/lampp/htdocs/highchart/system/CodeIgniter.php(312): CodeIgniter\CodeIgniter->handleRequest(NULL, Object(Config\Cache), false)
#5 /opt/lampp/htdocs/highchart/public/index.php(45): CodeIgniter\CodeIgniter->run()
#6 {main}
CRITICAL - 2021-01-26 15:00:54 --> json_decode() expects parameter 1 to be string, array given
#0 [internal function]: CodeIgniter\Debug\Exceptions->errorHandler(2, 'json_decode() e...', '/opt/lampp/htdo...', 19, Array)
#1 /opt/lampp/htdocs/highchart/app/Controllers/Chart.php(19): json_decode(Array)
#2 /opt/lampp/htdocs/highchart/system/CodeIgniter.php(918): App\Controllers\Chart->index()
#3 /opt/lampp/htdocs/highchart/system/CodeIgniter.php(404): CodeIgniter\CodeIgniter->runController(Object(App\Controllers\Chart))
#4 /opt/lampp/htdocs/highchart/system/CodeIgniter.php(312): CodeIgniter\CodeIgniter->handleRequest(NULL, Object(Config\Cache), false)
#5 /opt/lampp/htdocs/highchart/public/index.php(45): CodeIgniter\CodeIgniter->run()
#6 {main}
